├── package-lock.json
├── package.json
├── serverless.yml
├── src
│   ├── config
│   │   └── auth.js
│   ├── controllers
│   ├── functions
│   │   ├── auth
│   │   │   ├── login.js
│   │   │   └── register.js
│   │   └── itinerario
│   │       ├── create.js
│   │       ├── get.js
│   │       └── list.js
│   ├── middlewares
│   │   ├── auth.js
│   │   └── validator.js
│   ├── models
│   │   ├── itinerario.js
│   │   └── user.js
│   ├── routes
│   └── types
│       └── itinerario.ts
├── swagger
│   ├── __init__.py
│   ├── functions.d.ts
│   ├── functions.js
│   ├── oauth2-redirect-html.d.ts
│   ├── oauth2-redirect-html.js
│   ├── swagger-html.d.ts
│   ├── swagger-html.js
│   ├── swagger-html.py
│   ├── swagger-json.d.ts
│   ├── swagger-json.js
│   ├── swagger-json.py
│   └── swagger.js
├── swagger.yml
├── terraform
│   ├── README.md
│   └── main.tf
└── tests

14 directories, 30 files
